2026-01-08T12:01:45.298Z [info]: Login successful {
  "email": "abhishek@gmail.com",
  "userId": "695ddd4d335184b97ab5e49b"
}
2026-01-08T17:55:06.492Z [info]: Login successful {
  "email": "abhishek@gmail.com",
  "userId": "695ddd4d335184b97ab5e49b"
}
2026-01-08T17:56:50.527Z [info]: Login successful {
  "email": "abhishek@gmail.com",
  "userId": "695ddd4d335184b97ab5e49b"
}
2026-01-08T18:00:56.826Z [info]: Login successful {
  "email": "abhishek@gmail.com",
  "userId": "695ddd4d335184b97ab5e49b"
}
2026-01-08T18:04:53.581Z [info]: Login successful {
  "email": "abhishek@gmail.com",
  "userId": "695ddd4d335184b97ab5e49b"
}
2026-01-08T18:06:11.512Z [info]: Login successful {
  "email": "abhishek@gmail.com",
  "userId": "695ddd4d335184b97ab5e49b"
}
2026-01-08T19:04:35.578Z [info]: Login successful {
  "email": "athul@gmail.com",
  "userId": "695fff9d8802a6c57673c354"
}
2026-01-09T03:50:07.303Z [info]: Login successful {
  "email": "athul@gmail.com",
  "userId": "695fff9d8802a6c57673c354"
}
2026-01-09T03:56:39.331Z [info]: Login successful {
  "email": "athul@gmail.com",
  "userId": "695fff9d8802a6c57673c354"
}
2026-01-09T03:56:53.817Z [info]: Login successful {
  "email": "athul@gmail.com",
  "userId": "695fff9d8802a6c57673c354"
}
2026-01-09T03:57:15.601Z [info]: Login successful {
  "email": "athul@gmail.com",
  "userId": "695fff9d8802a6c57673c354"
}
2026-01-09T10:50:37.980Z [info]: Login successful {
  "email": "athul@gmail.com",
  "userId": "695fff9d8802a6c57673c354"
}
2026-01-09T10:51:28.515Z [info]: Login successful {
  "email": "athul@gmail.com",
  "userId": "695fff9d8802a6c57673c354"
}
2026-01-09T10:55:26.457Z [info]: Login successful {
  "email": "athul@gmail.com",
  "userId": "695fff9d8802a6c57673c354"
}
2026-01-09T10:55:36.441Z [info]: Login successful {
  "email": "athul@gmail.com",
  "userId": "695fff9d8802a6c57673c354"
}
2026-01-09T11:09:08.247Z [info]: Login successful {
  "email": "athul@gmail.com",
  "userId": "695fff9d8802a6c57673c354"
}
2026-01-09T13:47:35.116Z [info]: Login successful {
  "email": "athul@gmail.com",
  "userId": "695fff9d8802a6c57673c354"
}
2026-01-09T18:14:54.420Z [info]: Login successful {
  "email": "athul@gmail.com",
  "userId": "695fff9d8802a6c57673c354"
}
2026-01-09T18:16:26.971Z [info]: Login successful {
  "email": "anand@gmail.com",
  "userId": "696145f5c5c4d070a4a489a8"
}
2026-01-09T18:17:43.077Z [info]: Login successful {
  "email": "anand@gmail.com",
  "userId": "696145f5c5c4d070a4a489a8"
}
2026-01-09T18:45:58.659Z [info]: Login successful {
  "email": "amal@gmail.com",
  "userId": "69614c8e63ad306bbd81573b"
}
2026-01-10T03:52:01.029Z [info]: Login successful {
  "email": "amal@gmail.com",
  "userId": "69614c8e63ad306bbd81573b"
}
2026-01-10T05:32:24.797Z [info]: Login successful {
  "email": "harankrishna03@gmail.com",
  "userId": "6961e4619bf8a728dd7865c4"
}
2026-01-10T05:33:05.673Z [info]: Login successful {
  "email": "harankrishna03@gmail.com",
  "userId": "6961e4619bf8a728dd7865c4"
}
2026-01-10T05:37:33.478Z [info]: Login successful {
  "email": "harankrishna03@gmail.com",
  "userId": "6961e4619bf8a728dd7865c4"
}
2026-01-10T11:16:36.446Z [info]: Login successful {
  "email": "melvin@gmail.com",
  "userId": "6962350b7cc8a6690fb1ee8b"
}
2026-01-10T11:18:44.978Z [error]: Login failed {
  "email": "melvin@gmail.com",
  "error": "Invalid email or password"
}
2026-01-10T11:18:50.808Z [info]: Login successful {
  "email": "melvin@gmail.com",
  "userId": "6962350b7cc8a6690fb1ee8b"
}
2026-01-11T07:38:50.976Z [info]: Login successful {
  "email": "melvin@gmail.com",
  "userId": "6962350b7cc8a6690fb1ee8b"
}
2026-01-12T07:59:54.280Z [info]: Login successful {
  "email": "melvin@gmail.com",
  "userId": "6962350b7cc8a6690fb1ee8b"
}
2026-01-12T08:07:56.020Z [error]: Login failed {
  "email": "harankrishna03@gmail.com",
  "error": "Invalid email or password"
}
2026-01-12T08:09:24.840Z [info]: Login successful {
  "email": "melvin@gmail.com",
  "userId": "6962350b7cc8a6690fb1ee8b"
}
2026-01-12T08:09:31.250Z [info]: Login successful {
  "email": "melvin@gmail.com",
  "userId": "6962350b7cc8a6690fb1ee8b"
}
2026-01-12T13:54:08.322Z [info]: Login successful {
  "email": "melvin@gmail.com",
  "userId": "6962350b7cc8a6690fb1ee8b"
}
2026-01-12T13:59:50.799Z [info]: Login successful {
  "email": "shahan@gmail.com",
  "userId": "6964fe538d68fab5c5699c91"
}
2026-01-12T14:39:44.997Z [info]: Login successful {
  "email": "shahan@gmail.com",
  "userId": "6964fe538d68fab5c5699c91"
}
